{"name":"createAttributeNegatieTest","status":"broken","statusDetails":{"known":false,"muted":false,"flaky":false,"message":"error while creating   createAttribute response.","trace":"java.lang.RuntimeException: error while creating   createAttribute response.\r\n\tat ComponentFile.AttributeComponent.createAttribute(AttributeComponent.java:36)\r\n\tat ApiAutomation.AttributeTest.createAttributeNegatieTest(AttributeTest.java:56)\r\n\tat sun.reflect.NativeMethodAccessorImpl.invoke0(Native Method)\r\n\tat sun.reflect.NativeMethodAccessorImpl.invoke(NativeMethodAccessorImpl.java:90)\r\n\tat sun.reflect.DelegatingMethodAccessorImpl.invoke(DelegatingMethodAccessorImpl.java:55)\r\n\tat java.lang.reflect.Method.invoke(Method.java:508)\r\n\tat org.testng.internal.MethodInvocationHelper.invokeMethod(MethodInvocationHelper.java:133)\r\n\tat org.testng.internal.TestInvoker.invokeMethod(TestInvoker.java:598)\r\n\tat org.testng.internal.TestInvoker.invokeTestMethod(TestInvoker.java:173)\r\n\tat org.testng.internal.MethodRunner.runInSequence(MethodRunner.java:46)\r\n\tat org.testng.internal.TestInvoker$MethodInvocationAgent.invoke(TestInvoker.java:824)\r\n\tat org.testng.internal.TestInvoker.invokeTestMethods(TestInvoker.java:146)\r\n\tat org.testng.internal.TestMethodWorker.invokeTestMethods(TestMethodWorker.java:146)\r\n\tat org.testng.internal.TestMethodWorker.run(TestMethodWorker.java:128)\r\n\tat java.util.concurrent.ThreadPoolExecutor.runWorker(ThreadPoolExecutor.java:1160)\r\n\tat java.util.concurrent.ThreadPoolExecutor$Worker.run(ThreadPoolExecutor.java:635)\r\n\tat java.lang.Thread.run(Thread.java:822)\r\nCaused by: java.lang.IllegalArgumentException: userName cannot be null\r\n\tat sun.reflect.NativeConstructorAccessorImpl.newInstance0(Native Method)\r\n\tat sun.reflect.NativeConstructorAccessorImpl.newInstance(NativeConstructorAccessorImpl.java:83)\r\n\tat sun.reflect.DelegatingConstructorAccessorImpl.newInstance(DelegatingConstructorAccessorImpl.java:57)\r\n\tat java.lang.reflect.Constructor.newInstance(Constructor.java:437)\r\n\tat org.codehaus.groovy.reflection.CachedConstructor.invoke(CachedConstructor.java:72)\r\n\tat org.codehaus.groovy.reflection.CachedConstructor.doConstructorInvoke(CachedConstructor.java:59)\r\n\tat org.codehaus.groovy.runtime.callsite.ConstructorSite$ConstructorSiteNoUnwrap.callConstructor(ConstructorSite.java:84)\r\n\tat org.codehaus.groovy.runtime.callsite.AbstractCallSite.callConstructor(AbstractCallSite.java:277)\r\n\tat io.restassured.internal.common.assertion.AssertParameter.notNull(AssertParameter.groovy:26)\r\n\tat io.restassured.internal.common.assertion.AssertParameter$notNull.callStatic(Unknown Source)\r\n\tat io.restassured.internal.PreemptiveAuthSpecImpl.basic(PreemptiveAuthSpecImpl.groovy:44)\r\n\tat helpers.RestUtil.postByJson(RestUtil.java:21)\r\n\tat ComponentFile.AttributeComponent.createAttribute(AttributeComponent.java:30)\r\n\t... 16 more\r\n"},"stage":"finished","steps":[],"attachments":[],"parameters":[{"name":"arg0","value":"{ExecutionCheck=Y, DoorsRP-Request-Type=private, TestDescription=createAttribute-with null net.jazz header, Accept=none, artFormatType=, artifacturl=https://elm-t1-rm.fyre.ibm.com:9443/rm/types, TestCaseName=createAttributeNegatieTest, net.jazz.jfs.owning-context=, Content-Type=application/rdf+xml}"}],"start":1633084984848,"stop":1633084984863,"uuid":"2b85b2cb-2f2b-49b8-87a3-c35455bcdb7c","historyId":"b072c0a05f944677c9a9a9d302b30176","fullName":"ApiAutomation.AttributeTest.createAttributeNegatieTest","labels":[{"name":"package","value":"ApiAutomation.AttributeTest"},{"name":"testClass","value":"ApiAutomation.AttributeTest"},{"name":"testMethod","value":"createAttributeNegatieTest"},{"name":"parentSuite","value":"APIAutomationSuite"},{"name":"suite","value":"APIAutomation"},{"name":"subSuite","value":"ApiAutomation.AttributeTest"},{"name":"host","value":"LAPTOP-DQDU3SMA"},{"name":"thread","value":"33432@LAPTOP-DQDU3SMA.TestNG-test=APIAutomation-3(36)"},{"name":"framework","value":"testng"},{"name":"language","value":"java"}],"links":[]}