{"name":"getArtifactTypeStatus","status":"broken","statusDetails":{"known":false,"muted":false,"flaky":false,"message":"error while creating  get Artifact Type Name response.","trace":"java.lang.RuntimeException: error while creating  get Artifact Type Name response.\r\n\tat ComponentFile.ArtifactTypeComponent.getArtifactDetails(ArtifactTypeComponent.java:150)\r\n\tat ApiAutomation.CreateArtifact.getArtifactTypeStatus(CreateArtifact.java:91)\r\n\tat sun.reflect.NativeMethodAccessorImpl.invoke0(Native Method)\r\n\tat sun.reflect.NativeMethodAccessorImpl.invoke(NativeMethodAccessorImpl.java:90)\r\n\tat sun.reflect.DelegatingMethodAccessorImpl.invoke(DelegatingMethodAccessorImpl.java:55)\r\n\tat java.lang.reflect.Method.invoke(Method.java:508)\r\n\tat org.testng.internal.MethodInvocationHelper.invokeMethod(MethodInvocationHelper.java:133)\r\n\tat org.testng.internal.TestInvoker.invokeMethod(TestInvoker.java:598)\r\n\tat org.testng.internal.TestInvoker.invokeTestMethod(TestInvoker.java:173)\r\n\tat org.testng.internal.MethodRunner.runInSequence(MethodRunner.java:46)\r\n\tat org.testng.internal.TestInvoker$MethodInvocationAgent.invoke(TestInvoker.java:824)\r\n\tat org.testng.internal.TestInvoker.invokeTestMethods(TestInvoker.java:146)\r\n\tat org.testng.internal.TestMethodWorker.invokeTestMethods(TestMethodWorker.java:146)\r\n\tat org.testng.internal.TestMethodWorker.run(TestMethodWorker.java:128)\r\n\tat org.testng.TestRunner$$Lambda$138/0x000000006ce49e10.accept(Unknown Source)\r\n\tat java.util.ArrayList.forEach(ArrayList.java:1270)\r\n\tat org.testng.TestRunner.privateRun(TestRunner.java:794)\r\n\tat org.testng.TestRunner.run(TestRunner.java:596)\r\n\tat org.testng.SuiteRunner.runTest(SuiteRunner.java:377)\r\n\tat org.testng.SuiteRunner.runSequentially(SuiteRunner.java:371)\r\n\tat org.testng.SuiteRunner.privateRun(SuiteRunner.java:332)\r\n\tat org.testng.SuiteRunner.run(SuiteRunner.java:276)\r\n\tat org.testng.SuiteRunnerWorker.runSuite(SuiteRunnerWorker.java:53)\r\n\tat org.testng.SuiteRunnerWorker.run(SuiteRunnerWorker.java:96)\r\n\tat org.testng.TestNG.runSuitesSequentially(TestNG.java:1212)\r\n\tat org.testng.TestNG.runSuitesLocally(TestNG.java:1134)\r\n\tat org.testng.TestNG.runSuites(TestNG.java:1063)\r\n\tat org.testng.TestNG.run(TestNG.java:1031)\r\n\tat org.testng.remote.AbstractRemoteTestNG.run(AbstractRemoteTestNG.java:115)\r\n\tat org.testng.remote.RemoteTestNG.initAndRun(RemoteTestNG.java:251)\r\n\tat org.testng.remote.RemoteTestNG.main(RemoteTestNG.java:77)\r\nCaused by: java.lang.IllegalArgumentException: userName cannot be null\r\n\tat sun.reflect.NativeConstructorAccessorImpl.newInstance0(Native Method)\r\n\tat sun.reflect.NativeConstructorAccessorImpl.newInstance(NativeConstructorAccessorImpl.java:83)\r\n\tat sun.reflect.DelegatingConstructorAccessorImpl.newInstance(DelegatingConstructorAccessorImpl.java:57)\r\n\tat java.lang.reflect.Constructor.newInstance(Constructor.java:437)\r\n\tat org.codehaus.groovy.reflection.CachedConstructor.invoke(CachedConstructor.java:72)\r\n\tat org.codehaus.groovy.reflection.CachedConstructor.doConstructorInvoke(CachedConstructor.java:59)\r\n\tat org.codehaus.groovy.runtime.callsite.ConstructorSite$ConstructorSiteNoUnwrap.callConstructor(ConstructorSite.java:84)\r\n\tat org.codehaus.groovy.runtime.callsite.AbstractCallSite.callConstructor(AbstractCallSite.java:277)\r\n\tat io.restassured.internal.common.assertion.AssertParameter.notNull(AssertParameter.groovy:26)\r\n\tat io.restassured.internal.common.assertion.AssertParameter$notNull.callStatic(Unknown Source)\r\n\tat io.restassured.internal.PreemptiveAuthSpecImpl.basic(PreemptiveAuthSpecImpl.groovy:44)\r\n\tat helpers.RestUtil.getByUrl(RestUtil.java:54)\r\n\tat ComponentFile.ArtifactTypeComponent.getArtifactDetails(ArtifactTypeComponent.java:144)\r\n\t... 30 more\r\n"},"stage":"finished","steps":[],"attachments":[],"parameters":[{"name":"arg0","value":"{ExecutionCheck=Y, DoorsRP-Request-Type=private, TestDescription=getArtifactStatus, Accept=none, artFormatType=, artifacturl=, TestCaseName=getArtifactTypeStatus, net.jazz.jfs.owning-context=https://elm-t1-rm.fyre.ibm.com:9443/rm/rm-projects/_fPg8kBYKEeykr8bCxLrOBQ/components/_fTtgEBYKEeykr8bCxLrOBQ, Content-Type=text/plain}"}],"start":1633326421225,"stop":1633326421231,"uuid":"4364afa2-881d-4f93-8eeb-70c55a4c8679","historyId":"e8b716d426a39057354ec712c864d173","fullName":"ApiAutomation.CreateArtifact.getArtifactTypeStatus","labels":[{"name":"package","value":"ApiAutomation.CreateArtifact"},{"name":"testClass","value":"ApiAutomation.CreateArtifact"},{"name":"testMethod","value":"getArtifactTypeStatus"},{"name":"parentSuite","value":"Default suite"},{"name":"suite","value":"Default test"},{"name":"subSuite","value":"ApiAutomation.CreateArtifact"},{"name":"host","value":"LAPTOP-DQDU3SMA"},{"name":"thread","value":"12636@LAPTOP-DQDU3SMA.main(1)"},{"name":"framework","value":"testng"},{"name":"language","value":"java"}],"links":[]}