{"name":"createProjectTest","status":"broken","statusDetails":{"known":false,"muted":false,"flaky":false,"message":"error while creating   CreateProject_Post Status response.","trace":"java.lang.RuntimeException: error while creating   CreateProject_Post Status response.\r\n\tat ComponentFile.ProjectComponent.CreateProject_Post(ProjectComponent.java:37)\r\n\tat ApiAutomation.CreateProjectTest.createProjectTest(CreateProjectTest.java:42)\r\n\tat sun.reflect.NativeMethodAccessorImpl.invoke0(Native Method)\r\n\tat sun.reflect.NativeMethodAccessorImpl.invoke(NativeMethodAccessorImpl.java:90)\r\n\tat sun.reflect.DelegatingMethodAccessorImpl.invoke(DelegatingMethodAccessorImpl.java:55)\r\n\tat java.lang.reflect.Method.invoke(Method.java:508)\r\n\tat org.testng.internal.MethodInvocationHelper.invokeMethod(MethodInvocationHelper.java:133)\r\n\tat org.testng.internal.TestInvoker.invokeMethod(TestInvoker.java:598)\r\n\tat org.testng.internal.TestInvoker.invokeTestMethod(TestInvoker.java:173)\r\n\tat org.testng.internal.MethodRunner.runInSequence(MethodRunner.java:46)\r\n\tat org.testng.internal.TestInvoker$MethodInvocationAgent.invoke(TestInvoker.java:824)\r\n\tat org.testng.internal.TestInvoker.invokeTestMethods(TestInvoker.java:146)\r\n\tat org.testng.internal.TestMethodWorker.invokeTestMethods(TestMethodWorker.java:146)\r\n\tat org.testng.internal.TestMethodWorker.run(TestMethodWorker.java:128)\r\n\tat java.util.concurrent.ThreadPoolExecutor.runWorker(ThreadPoolExecutor.java:1160)\r\n\tat java.util.concurrent.ThreadPoolExecutor$Worker.run(ThreadPoolExecutor.java:635)\r\n\tat java.lang.Thread.run(Thread.java:822)\r\nCaused by: java.lang.IllegalArgumentException: userName cannot be null\r\n\tat sun.reflect.NativeConstructorAccessorImpl.newInstance0(Native Method)\r\n\tat sun.reflect.NativeConstructorAccessorImpl.newInstance(NativeConstructorAccessorImpl.java:83)\r\n\tat sun.reflect.DelegatingConstructorAccessorImpl.newInstance(DelegatingConstructorAccessorImpl.java:57)\r\n\tat java.lang.reflect.Constructor.newInstance(Constructor.java:437)\r\n\tat org.codehaus.groovy.reflection.CachedConstructor.invoke(CachedConstructor.java:72)\r\n\tat org.codehaus.groovy.reflection.CachedConstructor.doConstructorInvoke(CachedConstructor.java:59)\r\n\tat org.codehaus.groovy.runtime.callsite.ConstructorSite$ConstructorSiteNoUnwrap.callConstructor(ConstructorSite.java:84)\r\n\tat org.codehaus.groovy.runtime.callsite.CallSiteArray.defaultCallConstructor(CallSiteArray.java:59)\r\n\tat org.codehaus.groovy.runtime.callsite.AbstractCallSite.callConstructor(AbstractCallSite.java:263)\r\n\tat org.codehaus.groovy.runtime.callsite.AbstractCallSite.callConstructor(AbstractCallSite.java:277)\r\n\tat io.restassured.internal.common.assertion.AssertParameter.notNull(AssertParameter.groovy:26)\r\n\tat io.restassured.internal.common.assertion.AssertParameter$notNull.callStatic(Unknown Source)\r\n\tat io.restassured.internal.PreemptiveAuthSpecImpl.basic(PreemptiveAuthSpecImpl.groovy:44)\r\n\tat helpers.RestUtil.postByJson(RestUtil.java:21)\r\n\tat ComponentFile.ProjectComponent.CreateProject_Post(ProjectComponent.java:31)\r\n\t... 16 more\r\n"},"stage":"finished","steps":[],"attachments":[],"parameters":[{"name":"arg0","value":"{ExecutionCheck=Y, DoorsRP-Request-Type=private, TestDescription=CreateProject-All data, Accept=none, TestCaseName=createProjectTest, net.jazz.jfs.owning-context=https://elm-t1-rm.fyre.ibm.com:9443/rm/rm-projects/_fPg8kBYKEeykr8bCxLrOBQ/components/_fTtgEBYKEeykr8bCxLrOBQ, Content-Type=text/plain}"}],"start":1633326100036,"stop":1633326100085,"uuid":"c44a4183-bd34-46b6-80a6-2225ff9980f3","historyId":"ebffb77c8e74e37810cfb02442ddbc4d","fullName":"ApiAutomation.CreateProjectTest.createProjectTest","labels":[{"name":"package","value":"ApiAutomation.CreateProjectTest"},{"name":"testClass","value":"ApiAutomation.CreateProjectTest"},{"name":"testMethod","value":"createProjectTest"},{"name":"parentSuite","value":"APIAutomationSuite"},{"name":"suite","value":"APIAutomation"},{"name":"subSuite","value":"ApiAutomation.CreateProjectTest"},{"name":"host","value":"LAPTOP-DQDU3SMA"},{"name":"thread","value":"16204@LAPTOP-DQDU3SMA.TestNG-test=APIAutomation-1(34)"},{"name":"framework","value":"testng"},{"name":"language","value":"java"}],"links":[]}