<?xml version="1.0" encoding="UTF-8"?>
<!-- Generated by org.testng.reporters.JUnitReportReporter -->
<testsuite skipped="0" hostname="LAPTOP-DQDU3SMA" name="ApiAutomation.CreateArtifact" tests="6" failures="1" timestamp="2021-10-11T07:09:45 PDT" time="22.537" errors="0">
  <testcase name="generateToken" time="13.070" classname="ApiAutomation.CreateArtifact"/>
  <system-out/>
  <testcase name="createArtifact" time="1.878" classname="ApiAutomation.CreateArtifact"/>
  <system-out/>
  <testcase name="getArtifactTypeStatus" time="1.952" classname="ApiAutomation.CreateArtifact"/>
  <system-out/>
  <testcase name="modifyArtifactType" time="1.885" classname="ApiAutomation.CreateArtifact"/>
  <system-out/>
  <testcase name="deleteArtifactType" time="1.956" classname="ApiAutomation.CreateArtifact"/>
  <system-out/>
  <testcase name="modifyArtifactTypeNegativeTest" time="1.796" classname="ApiAutomation.CreateArtifact">
    <failure type="java.lang.AssertionError" message="Response status code is equal to : 200 expected [200] but found [404]">
      <![CDATA[java.lang.AssertionError: Response status code is equal to : 200 expected [200] but found [404]
at org.testng.Assert.fail(Assert.java:99)
at org.testng.Assert.failNotEquals(Assert.java:1037)
at org.testng.Assert.assertEqualsImpl(Assert.java:140)
at org.testng.Assert.assertEquals(Assert.java:122)
at org.testng.Assert.assertEquals(Assert.java:629)
at helpers.CommonMethods.validateResponseStatusCode(CommonMethods.java:31)
at ApiAutomation.CreateArtifact.modifyArtifactTypeNegativeTest(CreateArtifact.java:73)
at sun.reflect.NativeMethodAccessorImpl.invoke0(Native Method)
at sun.reflect.NativeMethodAccessorImpl.invoke(NativeMethodAccessorImpl.java:90)
at sun.reflect.DelegatingMethodAccessorImpl.invoke(DelegatingMethodAccessorImpl.java:55)
at java.lang.reflect.Method.invoke(Method.java:508)
at org.testng.internal.MethodInvocationHelper.invokeMethod(MethodInvocationHelper.java:133)
at org.testng.internal.TestInvoker.invokeMethod(TestInvoker.java:598)
at org.testng.internal.TestInvoker.invokeTestMethod(TestInvoker.java:173)
at org.testng.internal.MethodRunner.runInSequence(MethodRunner.java:46)
at org.testng.internal.TestInvoker$MethodInvocationAgent.invoke(TestInvoker.java:824)
at org.testng.internal.TestInvoker.invokeTestMethods(TestInvoker.java:146)
at org.testng.internal.TestMethodWorker.invokeTestMethods(TestMethodWorker.java:146)
at org.testng.internal.TestMethodWorker.run(TestMethodWorker.java:128)
at java.util.concurrent.ThreadPoolExecutor.runWorker(ThreadPoolExecutor.java:1160)
at java.util.concurrent.ThreadPoolExecutor$Worker.run(ThreadPoolExecutor.java:635)
at java.lang.Thread.run(Thread.java:822)
]]>
    </failure>
  </testcase> <!-- modifyArtifactTypeNegativeTest -->
  <system-out/>
</testsuite> <!-- ApiAutomation.CreateArtifact -->
